TN:
SF:src/Tap.sol
FN:35,Tap.initialize
FNDA:30,Tap.initialize
DA:44,30
DA:45,30
DA:46,30
DA:47,30
DA:48,30
DA:49,30
DA:50,30
DA:52,30
FN:62,Tap.claimStream
FNDA:54,Tap.claimStream
DA:63,54
BRDA:63,0,0,-
BRDA:63,0,1,54
DA:75,54
DA:77,54
DA:79,54
DA:86,54
BRDA:85,1,0,10
BRDA:85,1,1,54
DA:89,10
DA:93,54
BRDA:93,2,0,5
BRDA:93,2,1,49
DA:98,49
BRDA:97,3,0,4
BRDA:97,3,1,45
DA:100,4
DA:102,45
DA:103,45
DA:104,45
DA:109,45
BRDA:109,4,0,-
BRDA:109,4,1,45
DA:118,45
DA:120,45
DA:122,45
DA:135,45
DA:145,45
DA:149,45
BRDA:149,5,0,-
BRDA:149,5,1,45
DA:150,0
DA:152,45
BRDA:152,6,0,-
BRDA:152,6,1,2
DA:154,2
DA:156,2
DA:158,2
DA:165,45
DA:172,45
DA:174,0
DA:177,0
DA:185,0
DA:193,45
DA:195,45
BRDA:195,7,0,26
BRDA:195,7,1,45
DA:196,26
DA:199,45
FN:202,Tap.topUpTap
FNDA:29,Tap.topUpTap
DA:203,29
BRDA:203,8,0,1
BRDA:203,8,1,28
DA:207,28
DA:209,28
BRDA:209,9,0,-
BRDA:209,9,1,28
DA:210,0
DA:212,28
FN:216,Tap.drainTap
FNDA:6,Tap.drainTap
DA:217,6
BRDA:217,10,0,3
BRDA:217,10,1,3
DA:219,3
DA:220,3
DA:222,3
BRDA:222,11,0,2
BRDA:222,11,1,1
DA:223,1
BRDA:223,12,0,-
BRDA:223,12,1,1
DA:224,0
DA:226,3
BRDA:226,13,0,-
BRDA:226,13,1,3
DA:228,3
FN:231,Tap.closeStream
FNDA:6,Tap.closeStream
DA:232,6
DA:237,6
BRDA:236,14,0,-
BRDA:236,14,1,6
DA:239,0
DA:246,6
DA:247,6
DA:248,6
DA:250,6
BRDA:250,15,0,-
BRDA:250,15,1,-
DA:255,6
DA:260,6
DA:261,6
DA:269,6
DA:270,6
DA:273,6
BRDA:272,16,0,-
BRDA:272,16,1,6
DA:281,6
DA:287,0
DA:294,0
FN:299,Tap.emergencyCloseStreams
FNDA:3,Tap.emergencyCloseStreams
DA:304,3
BRDA:304,17,0,1
BRDA:304,17,1,2
DA:305,1
DA:309,2
BRDA:309,18,0,2
BRDA:309,18,1,2
DA:311,2
DA:313,2
FN:316,Tap.adjustCurrentStreams
FNDA:5,Tap.adjustCurrentStreams
DA:317,5
BRDA:317,19,0,-
BRDA:317,19,1,5
DA:319,5
DA:320,5
DA:321,5
DA:322,5
DA:328,5
BRDA:328,20,0,-
BRDA:328,20,1,5
DA:329,0
DA:331,5
DA:333,5
BRDA:333,21,0,2
BRDA:333,21,1,3
DA:334,2
DA:337,3
DA:339,3
DA:341,3
DA:347,3
FN:355,Tap.changeRate
FNDA:6,Tap.changeRate
DA:356,6
BRDA:356,22,0,-
BRDA:356,22,1,6
DA:358,6
DA:359,6
DA:361,6
BRDA:361,23,0,-
BRDA:361,23,1,6
DA:363,6
DA:365,6
FN:368,Tap.activateTap
FNDA:27,Tap.activateTap
DA:369,27
BRDA:369,24,0,-
BRDA:369,24,1,27
DA:370,27
BRDA:370,25,0,-
BRDA:370,25,1,27
DA:372,27
DA:374,27
FN:377,Tap.deactivateTap
FNDA:0,Tap.deactivateTap
DA:378,0
BRDA:378,26,0,-
BRDA:378,26,1,-
DA:379,0
BRDA:379,27,0,-
BRDA:379,27,1,-
DA:381,0
DA:383,0
FN:386,Tap.isCritical
FNDA:2,Tap.isCritical
DA:388,4
DA:389,4
DA:391,4
DA:396,4
BRDA:396,28,0,-
BRDA:396,28,1,4
DA:398,4
DA:401,4
DA:403,4
BRDA:403,29,0,2
BRDA:403,29,1,2
DA:405,2
FN:408,Tap._calcCurrHolderStreams
FNDA:45,Tap._calcCurrHolderStreams
DA:415,45
BRDA:415,30,0,-
BRDA:415,30,1,20
DA:416,20
DA:421,20
DA:426,20
DA:433,25
FN:437,Tap._calcPrevHolderStreams
FNDA:51,Tap._calcPrevHolderStreams
DA:444,51
DA:451,51
BRDA:451,31,0,-
BRDA:451,31,1,8
DA:452,8
DA:457,8
DA:458,8
DA:462,43
FN:466,Tap._canAdjustStreams
FNDA:45,Tap._canAdjustStreams
DA:471,45
DA:479,45
BRDA:479,32,0,-
BRDA:479,32,1,43
DA:480,43
DA:481,43
DA:485,43
DA:488,43
BRDA:488,33,0,-
BRDA:488,33,1,43
DA:489,0
DA:492,45
FN:496,Tap.getClaimedData
FNDA:0,Tap.getClaimedData
DA:501,0
DA:502,0
FN:512,Tap.afterAgreementTerminated
FNDA:0,Tap.afterAgreementTerminated
DA:520,0
BRDA:520,34,0,-
BRDA:520,34,1,-
DA:522,0
DA:524,0
DA:526,0
FNF:16
FNH:13
LF:136
LH:115
BRF:70
BRH:42
end_of_record
TN:
SF:src/TapWizard.sol
FN:45,TapWizard.setImplementation
FNDA:0,TapWizard.setImplementation
DA:46,0
BRDA:46,0,0,-
BRDA:46,0,1,-
DA:48,0
DA:50,0
BRDA:50,1,0,-
BRDA:50,1,1,-
DA:51,0
DA:53,0
DA:55,0
FN:58,TapWizard.createTap
FNDA:31,TapWizard.createTap
DA:64,31
BRDA:64,2,0,-
BRDA:64,2,1,31
DA:65,0
DA:67,31
BRDA:67,3,0,1
BRDA:67,3,1,30
DA:69,30
DA:70,30
DA:72,30
DA:82,30
DA:84,30
FNF:2
FNH:1
LF:14
LH:7
BRF:8
BRH:3
end_of_record
TN:
SF:test/Setup.sol
FN:32,Setup.setUp
FNDA:0,Setup.setUp
DA:34,0
DA:37,0
DA:43,0
DA:46,0
DA:49,0
FN:52,Setup._createTap
FNDA:0,Setup._createTap
DA:53,0
DA:54,0
DA:62,0
DA:63,0
DA:64,0
DA:65,0
FN:68,Setup._convertToRate
FNDA:0,Setup._convertToRate
DA:73,0
FNF:3
FNH:0
LF:12
LH:0
BRF:0
BRH:0
end_of_record
TN:
SF:test/helpers/FoundrySuperfluidTester.sol
FN:59,FoundrySuperfluidTester.setUp
FNDA:0,FoundrySuperfluidTester.setUp
DA:60,0
DA:67,0
DA:68,0
DA:70,0
DA:71,0
DA:72,0
DA:73,0
DA:74,0
FN:78,FoundrySuperfluidTester.fillWallet
FNDA:0,FoundrySuperfluidTester.fillWallet
DA:86,0
DA:87,0
FN:90,FoundrySuperfluidTester.mintToken
FNDA:0,FoundrySuperfluidTester.mintToken
DA:91,0
FN:94,FoundrySuperfluidTester.mintToken
FNDA:0,FoundrySuperfluidTester.mintToken
DA:95,0
FN:98,FoundrySuperfluidTester.mintSuperToken
FNDA:0,FoundrySuperfluidTester.mintSuperToken
DA:99,0
DA:100,0
DA:101,0
DA:102,0
DA:103,0
FN:106,FoundrySuperfluidTester.mintSuperToken
FNDA:0,FoundrySuperfluidTester.mintSuperToken
DA:107,0
DA:108,0
DA:109,0
DA:110,0
DA:111,0
FN:114,FoundrySuperfluidTester.checkAllInvariants
FNDA:0,FoundrySuperfluidTester.checkAllInvariants
DA:115,0
FN:118,FoundrySuperfluidTester.checkLiquiditySumInvariance
FNDA:0,FoundrySuperfluidTester.checkLiquiditySumInvariance
DA:119,0
DA:120,0
DA:121,0
DA:123,0
DA:125,0
FN:128,FoundrySuperfluidTester.checkNetFlowRateSumInvariant
FNDA:0,FoundrySuperfluidTester.checkNetFlowRateSumInvariant
DA:129,0
DA:130,0
DA:131,0
DA:136,0
FNF:9
FNH:0
LF:32
LH:0
BRF:0
BRH:0
end_of_record
TN:
SF:test/mocks/MockNFT.sol
FN:15,MockNFT.mintTo
FNDA:40,MockNFT.mintTo
DA:16,40
DA:17,40
DA:18,40
FN:21,MockNFT.tokenURI
FNDA:0,MockNFT.tokenURI
DA:22,0
FNF:2
FNH:1
LF:4
LH:3
BRF:0
BRH:0
end_of_record
