TN:
SF:src/Tap.sol
FN:35,Tap.initialize
FNDA:35,Tap.initialize
DA:44,35
DA:45,35
DA:46,35
DA:47,35
DA:48,35
DA:49,35
DA:50,35
DA:52,35
FN:62,Tap.claimStream
FNDA:76,Tap.claimStream
DA:63,76
BRDA:63,0,0,-
BRDA:63,0,1,76
DA:75,76
DA:76,76
BRDA:76,1,0,5
BRDA:76,1,1,71
DA:78,71
DA:82,71
BRDA:82,2,0,6
BRDA:82,2,1,65
DA:84,65
DA:85,65
DA:86,65
DA:101,65
DA:102,65
DA:104,65
BRDA:104,3,0,4
BRDA:104,3,1,65
DA:105,4
DA:106,4
DA:113,4
DA:116,65
DA:123,65
DA:131,65
DA:135,65
BRDA:135,4,0,-
BRDA:135,4,1,65
DA:136,0
DA:138,65
BRDA:138,5,0,-
BRDA:138,5,1,2
DA:139,2
DA:141,2
DA:149,65
DA:150,65
DA:152,65
BRDA:152,6,0,32
BRDA:152,6,1,65
DA:153,32
DA:156,65
DA:158,65
FN:161,Tap.reinstateStreams
FNDA:5,Tap.reinstateStreams
DA:162,5
BRDA:162,7,0,-
BRDA:162,7,1,5
DA:164,5
BRDA:164,8,0,1
BRDA:164,8,1,4
DA:165,1
DA:168,4
DA:169,4
DA:171,4
DA:172,4
DA:176,4
BRDA:176,9,0,1
BRDA:176,9,1,3
DA:178,3
DA:180,3
BRDA:180,10,0,1
BRDA:180,10,1,2
DA:181,1
DA:183,2
DA:185,2
DA:187,2
DA:189,2
FN:197,Tap.topUpTap
FNDA:34,Tap.topUpTap
DA:198,34
BRDA:198,11,0,1
BRDA:198,11,1,33
DA:202,33
DA:204,33
BRDA:204,12,0,-
BRDA:204,12,1,33
DA:205,0
DA:207,33
FN:211,Tap.drainTap
FNDA:6,Tap.drainTap
DA:212,6
BRDA:212,13,0,3
BRDA:212,13,1,3
DA:214,3
DA:215,3
DA:217,3
BRDA:217,14,0,2
BRDA:217,14,1,1
DA:218,1
BRDA:218,15,0,-
BRDA:218,15,1,1
DA:219,0
DA:221,3
BRDA:221,16,0,-
BRDA:221,16,1,3
DA:223,3
FN:226,Tap.closeStream
FNDA:6,Tap.closeStream
DA:227,6
DA:231,6
BRDA:231,17,0,-
BRDA:231,17,1,6
DA:238,6
DA:239,6
DA:240,6
DA:242,6
BRDA:242,18,0,-
BRDA:242,18,1,-
DA:247,6
DA:252,6
DA:253,6
DA:259,6
DA:260,6
DA:263,6
BRDA:262,19,0,-
BRDA:262,19,1,6
DA:271,6
DA:277,0
DA:284,0
FN:289,Tap.emergencyCloseStreams
FNDA:3,Tap.emergencyCloseStreams
DA:294,3
BRDA:294,20,0,1
BRDA:294,20,1,2
DA:295,1
DA:299,2
BRDA:299,21,0,2
BRDA:299,21,1,2
DA:301,2
DA:303,2
DA:305,2
FN:308,Tap.adjustCurrentStreams
FNDA:5,Tap.adjustCurrentStreams
DA:309,5
BRDA:309,22,0,-
BRDA:309,22,1,5
DA:311,5
DA:312,5
DA:313,5
DA:314,5
DA:320,5
BRDA:320,23,0,-
BRDA:320,23,1,5
DA:321,0
DA:323,5
DA:325,5
BRDA:325,24,0,2
BRDA:325,24,1,3
DA:326,2
DA:329,3
DA:331,3
DA:333,3
DA:339,3
FN:347,Tap.changeRate
FNDA:6,Tap.changeRate
DA:348,6
BRDA:348,25,0,-
BRDA:348,25,1,6
DA:350,6
DA:351,6
DA:353,6
BRDA:353,26,0,-
BRDA:353,26,1,6
DA:355,6
DA:357,6
FN:360,Tap.activateTap
FNDA:32,Tap.activateTap
DA:361,32
BRDA:361,27,0,-
BRDA:361,27,1,32
DA:362,32
BRDA:362,28,0,-
BRDA:362,28,1,32
DA:364,32
DA:366,32
FN:369,Tap.deactivateTap
FNDA:0,Tap.deactivateTap
DA:370,0
BRDA:370,29,0,-
BRDA:370,29,1,-
DA:371,0
BRDA:371,30,0,-
BRDA:371,30,1,-
DA:373,0
DA:375,0
FN:378,Tap.isCritical
FNDA:3,Tap.isCritical
DA:380,5
DA:381,5
DA:383,5
DA:388,5
BRDA:388,31,0,-
BRDA:388,31,1,5
DA:390,5
DA:393,5
DA:395,5
BRDA:395,32,0,2
BRDA:395,32,1,3
DA:397,3
FN:400,Tap._calcCurrHolderStreams
FNDA:65,Tap._calcCurrHolderStreams
DA:405,65
BRDA:405,33,0,34
BRDA:405,33,1,31
DA:409,34
DA:419,31
FN:423,Tap._calcPrevHolderStreams
FNDA:10,Tap._calcPrevHolderStreams
DA:430,10
BRDA:430,34,0,8
BRDA:430,34,1,2
DA:431,8
DA:438,2
FN:442,Tap._canAdjustStreams
FNDA:68,Tap._canAdjustStreams
DA:447,68
DA:455,68
BRDA:455,35,0,1
BRDA:455,35,1,65
DA:456,66
DA:457,66
DA:461,66
DA:464,66
BRDA:464,36,0,1
BRDA:464,36,1,65
DA:465,1
DA:468,67
FN:472,Tap.getClaimedData
FNDA:0,Tap.getClaimedData
DA:477,0
DA:478,0
FN:488,Tap.afterAgreementTerminated
FNDA:4,Tap.afterAgreementTerminated
DA:496,4
BRDA:496,37,0,-
BRDA:496,37,1,4
DA:498,4
DA:500,4
DA:502,4
DA:504,4
FNF:17
FNH:15
LF:142
LH:130
BRF:76
BRH:53
end_of_record
TN:
SF:src/TapWizard.sol
FN:45,TapWizard.setImplementation
FNDA:0,TapWizard.setImplementation
DA:46,0
BRDA:46,0,0,-
BRDA:46,0,1,-
DA:48,0
DA:50,0
BRDA:50,1,0,-
BRDA:50,1,1,-
DA:51,0
DA:53,0
DA:55,0
FN:58,TapWizard.createTap
FNDA:36,TapWizard.createTap
DA:64,36
BRDA:64,2,0,-
BRDA:64,2,1,36
DA:65,0
DA:67,36
BRDA:67,3,0,1
BRDA:67,3,1,35
DA:69,35
DA:70,35
DA:72,35
DA:82,35
DA:84,35
FNF:2
FNH:1
LF:14
LH:7
BRF:8
BRH:3
end_of_record
TN:
SF:test/Setup.sol
FN:32,Setup.setUp
FNDA:0,Setup.setUp
DA:34,0
DA:37,0
DA:43,0
DA:46,0
DA:49,0
FN:52,Setup._createTap
FNDA:0,Setup._createTap
DA:53,0
DA:54,0
DA:62,0
DA:63,0
DA:64,0
DA:65,0
FN:68,Setup._convertToRate
FNDA:0,Setup._convertToRate
DA:73,0
FNF:3
FNH:0
LF:12
LH:0
BRF:0
BRH:0
end_of_record
TN:
SF:test/helpers/FoundrySuperfluidTester.sol
FN:59,FoundrySuperfluidTester.setUp
FNDA:0,FoundrySuperfluidTester.setUp
DA:60,0
DA:67,0
DA:68,0
DA:70,0
DA:71,0
DA:72,0
DA:73,0
DA:74,0
FN:78,FoundrySuperfluidTester.fillWallet
FNDA:0,FoundrySuperfluidTester.fillWallet
DA:86,0
DA:87,0
FN:90,FoundrySuperfluidTester.mintToken
FNDA:0,FoundrySuperfluidTester.mintToken
DA:91,0
FN:94,FoundrySuperfluidTester.mintToken
FNDA:0,FoundrySuperfluidTester.mintToken
DA:95,0
FN:98,FoundrySuperfluidTester.mintSuperToken
FNDA:0,FoundrySuperfluidTester.mintSuperToken
DA:99,0
DA:100,0
DA:101,0
DA:102,0
DA:103,0
FN:106,FoundrySuperfluidTester.mintSuperToken
FNDA:0,FoundrySuperfluidTester.mintSuperToken
DA:107,0
DA:108,0
DA:109,0
DA:110,0
DA:111,0
FN:114,FoundrySuperfluidTester.checkAllInvariants
FNDA:0,FoundrySuperfluidTester.checkAllInvariants
DA:115,0
FN:118,FoundrySuperfluidTester.checkLiquiditySumInvariance
FNDA:0,FoundrySuperfluidTester.checkLiquiditySumInvariance
DA:119,0
DA:120,0
DA:121,0
DA:123,0
DA:125,0
FN:128,FoundrySuperfluidTester.checkNetFlowRateSumInvariant
FNDA:0,FoundrySuperfluidTester.checkNetFlowRateSumInvariant
DA:129,0
DA:130,0
DA:131,0
DA:136,0
FNF:9
FNH:0
LF:32
LH:0
BRF:0
BRH:0
end_of_record
TN:
SF:test/mocks/MockNFT.sol
FN:15,MockNFT.mintTo
FNDA:59,MockNFT.mintTo
DA:16,59
DA:17,59
DA:18,59
FN:21,MockNFT.tokenURI
FNDA:0,MockNFT.tokenURI
DA:22,0
FNF:2
FNH:1
LF:4
LH:3
BRF:0
BRH:0
end_of_record
